1>------ Build started: Project: SampleProject, Configuration: Release x64 ------
1>  main.cpp
1>C:\dev\opencv-2.4.11-cm\build\install\include\opencv2/legacy/compat.hpp : warning C4819: The file contains a character that cannot be represented in the current code page (932). Save the file in Unicode format to prevent data loss
1>c:\dev\cvsampleproject\test\../ShowWindow/Window.h(9): error C2757: 'ShowWindow' : a symbol with this name already exists and therefore this name cannot be used as a namespace name
1>c:\dev\cvsampleproject\test\../ShowWindow/Drawing.h(10): error C2757: 'ShowWindow' : a symbol with this name already exists and therefore this name cannot be used as a namespace name
1>c:\dev\cvsampleproject\test\../ShowWindow/WindowManagement.h(7): error C2757: 'ShowWindow' : a symbol with this name already exists and therefore this name cannot be used as a namespace name
1>c:\dev\cvsampleproject\test\../ShowWindow/WindowManagement.h(10): error C2146: syntax error : missing ';' before identifier 'window0'
1>c:\dev\cvsampleproject\test\../ShowWindow/WindowManagement.h(10): error C4430: missing type specifier - int assumed. Note: C++ does not support default-int
1>c:\dev\cvsampleproject\test\../ShowWindow/WindowManagement.h(11): error C2146: syntax error : missing ';' before identifier 'window1'
1>c:\dev\cvsampleproject\test\../ShowWindow/WindowManagement.h(11): error C4430: missing type specifier - int assumed. Note: C++ does not support default-int
1>c:\dev\cvsampleproject\test\../ShowWindow/WindowManagement.h(12): error C2146: syntax error : missing ';' before identifier 'window2'
1>c:\dev\cvsampleproject\test\../ShowWindow/WindowManagement.h(12): error C4430: missing type specifier - int assumed. Note: C++ does not support default-int
1>c:\dev\cvsampleproject\test\../ShowWindow/WindowManagement.h(13): error C2146: syntax error : missing ';' before identifier 'window3'
1>c:\dev\cvsampleproject\test\../ShowWindow/WindowManagement.h(13): error C4430: missing type specifier - int assumed. Note: C++ does not support default-int
1>c:\dev\cvsampleproject\test\../ShowWindow/WindowManagement.h(15): error C2146: syntax error : missing ';' before identifier 'drawing'
1>c:\dev\cvsampleproject\test\../ShowWindow/WindowManagement.h(15): error C4430: missing type specifier - int assumed. Note: C++ does not support default-int
1>  Drawing.cpp
1>C:\dev\opencv-2.4.11-cm\build\install\include\opencv2/legacy/compat.hpp : warning C4819: The file contains a character that cannot be represented in the current code page (932). Save the file in Unicode format to prevent data loss
1>ShowWindow\Drawing.cpp(22): warning C4244: 'argument' : conversion from 'double' to 'int', possible loss of data
1>ShowWindow\Drawing.cpp(25): warning C4244: 'argument' : conversion from 'double' to 'int', possible loss of data
1>  WindowManagement.cpp
1>c:\dev\opencv-2.4.11-cm\build\install\include\opencv2\flann\logger.h(66): warning C4996: 'fopen': This function or variable may be unsafe. Consider using fopen_s instead. To disable deprecation, use _CRT_SECURE_NO_WARNINGS. See online help for details.
1>          C:\Program Files (x86)\Microsoft Visual Studio 12.0\VC\include\stdio.h(211) : see declaration of 'fopen'
1>C:\dev\opencv-2.4.11-cm\build\install\include\opencv2/legacy/compat.hpp : warning C4819: The file contains a character that cannot be represented in the current code page (932). Save the file in Unicode format to prevent data loss
1>  ShowWindowTest.cpp
1>c:\dev\opencv-2.4.11-cm\build\install\include\opencv2\flann\logger.h(66): warning C4996: 'fopen': This function or variable may be unsafe. Consider using fopen_s instead. To disable deprecation, use _CRT_SECURE_NO_WARNINGS. See online help for details.
1>          C:\Program Files (x86)\Microsoft Visual Studio 12.0\VC\include\stdio.h(211) : see declaration of 'fopen'
1>C:\dev\opencv-2.4.11-cm\build\install\include\opencv2/legacy/compat.hpp : warning C4819: The file contains a character that cannot be represented in the current code page (932). Save the file in Unicode format to prevent data loss
1>  Generating Code...
2>------ Skipped Build: Project: ALL_BUILD, Configuration: Release x64 ------
2>Project not selected to build for this solution configuration 
========== Build: 0 succeeded, 1 failed, 1 up-to-date, 1 skipped ==========
